2018-06-17 13:51:45.006  INFO 91984 --- [restartedMain] e.a.softeng.surveyrest.SurveyRestApp     : Starting SurveyRestApp on DESKTOP-16HE7CV with PID 91984 (C:\Users\maemr\Documents\GitHub\survey-web\target\classes started by maemr in C:\Users\maemr\Documents\GitHub\survey-web)
2018-06-17 13:51:45.012  INFO 91984 --- [restartedMain] e.a.softeng.surveyrest.SurveyRestApp     : The following profiles are active: alpha
2018-06-17 13:51:45.094  INFO 91984 --- [restartedMain] ConfigServletWebServerApplicationContext : Refreshing org.springframework.boot.web.servlet.context.AnnotationConfigServletWebServerApplicationContext@6e70e247: startup date [Sun Jun 17 13:51:45 EET 2018]; root of context hierarchy
2018-06-17 13:51:46.563  INFO 91984 --- [restartedMain] o.s.b.w.embedded.tomcat.TomcatWebServer  : Tomcat initialized with port(s): 9000 (http)
2018-06-17 13:51:46.580  INFO 91984 --- [restartedMain] o.apache.catalina.core.StandardService   : Starting service [Tomcat]
2018-06-17 13:51:46.581  INFO 91984 --- [restartedMain] org.apache.catalina.core.StandardEngine  : Starting Servlet Engine: Apache Tomcat/8.5.31
2018-06-17 13:51:46.585  INFO 91984 --- [localhost-startStop-1] o.a.catalina.core.AprLifecycleListener   : The APR based Apache Tomcat Native library which allows optimal performance in production environments was not found on the java.library.path: [C:\Program Files\Java\jdk1.8.0_172\bin;C:\WINDOWS\Sun\Java\bin;C:\WINDOWS\system32;C:\WINDOWS;C:\Program Files (x86)\Common Files\Oracle\Java\javapath;C:\Windows\system32;C:\Windows;C:\Windows\System32\Wbem;C:\Windows\System32\WindowsPowerShell\v1.0\;C:\Program Files\PuTTY\;C:\Program Files\Git\cmd;C:\Program Files (x86)\NVIDIA Corporation\PhysX\Common;C:\WINDOWS\system32;C:\WINDOWS;C:\WINDOWS\System32\Wbem;C:\WINDOWS\System32\WindowsPowerShell\v1.0\;C:\WINDOWS\System32\OpenSSH\;D:\Program Files\nodejs\;D:\Program Files\TortoiseSVN\bin;C:\Program Files\dotnet\;C:\Program Files\Microsoft SQL Server\130\Tools\Binn\;C:\Users\maemr\AppData\Local\Programs\Python\Python36-32\Scripts\;C:\Users\maemr\AppData\Local\Programs\Python\Python36-32\;C:\Users\maemr\AppData\Local\Microsoft\WindowsApps;C:\Users\maemr\AppData\Local\GitHubDesktop\bin;C:\Program Files (x86)\Apache\apache-maven-3.5.3\bin;C:\Users\maemr\AppData\Local\Microsoft\WindowsApps;D:\Program Files\MongoDB\Server\3.6\bin;C:\Users\maemr\AppData\Roaming\npm;D:\Python\Scripts;C:\Users\maemr\AppData\Local\atom\bin;C:\Users\maemr\AppData\Local\Programs\MiKTeX 2.9\miktex\bin\x64\;.]
2018-06-17 13:51:46.800  INFO 91984 --- [localhost-startStop-1] org.apache.jasper.servlet.TldScanner     : At least one JAR was scanned for TLDs yet contained no TLDs. Enable debug logging for this logger for a complete list of JARs that were scanned but no TLDs were found in them. Skipping unneeded JARs during scanning can improve startup time and JSP compilation time.
2018-06-17 13:51:46.804  INFO 91984 --- [localhost-startStop-1] o.a.c.c.C.[Tomcat].[localhost].[/]       : Initializing Spring embedded WebApplicationContext
2018-06-17 13:51:46.806  INFO 91984 --- [localhost-startStop-1] o.s.web.context.ContextLoader            : Root WebApplicationContext: initialization completed in 1712 ms
2018-06-17 13:51:46.962  INFO 91984 --- [localhost-startStop-1] o.s.b.w.servlet.FilterRegistrationBean   : Mapping filter: 'characterEncodingFilter' to: [/*]
2018-06-17 13:51:46.963  INFO 91984 --- [localhost-startStop-1] o.s.b.w.servlet.FilterRegistrationBean   : Mapping filter: 'hiddenHttpMethodFilter' to: [/*]
2018-06-17 13:51:46.963  INFO 91984 --- [localhost-startStop-1] o.s.b.w.servlet.FilterRegistrationBean   : Mapping filter: 'httpPutFormContentFilter' to: [/*]
2018-06-17 13:51:46.963  INFO 91984 --- [localhost-startStop-1] o.s.b.w.servlet.FilterRegistrationBean   : Mapping filter: 'requestContextFilter' to: [/*]
2018-06-17 13:51:46.963  INFO 91984 --- [localhost-startStop-1] .s.DelegatingFilterProxyRegistrationBean : Mapping filter: 'springSecurityFilterChain' to: [/*]
2018-06-17 13:51:46.964  INFO 91984 --- [localhost-startStop-1] o.s.b.w.servlet.ServletRegistrationBean  : Servlet dispatcherServlet mapped to [/]
2018-06-17 13:51:47.761  INFO 91984 --- [restartedMain] org.mongodb.driver.cluster               : Cluster created with settings {hosts=[188.166.54.250:27017], mode=MULTIPLE, requiredClusterType=UNKNOWN, serverSelectionTimeout='30000 ms', maxWaitQueueSize=500}
2018-06-17 13:51:47.762  INFO 91984 --- [restartedMain] org.mongodb.driver.cluster               : Adding discovered server 188.166.54.250:27017 to client view of cluster
2018-06-17 13:51:48.090  INFO 91984 --- [cluster-ClusterId{value='5b263d43a8027c6750523961', description='null'}-188.166.54.250:27017] org.mongodb.driver.connection            : Opened connection [connectionId{localValue:1, serverValue:1960}] to 188.166.54.250:27017
2018-06-17 13:51:48.148  INFO 91984 --- [restartedMain] o.s.w.s.handler.SimpleUrlHandlerMapping  : Mapped URL path [/**/favicon.ico] onto handler of type [class org.springframework.web.servlet.resource.ResourceHttpRequestHandler]
2018-06-17 13:51:48.157  INFO 91984 --- [cluster-ClusterId{value='5b263d43a8027c6750523961', description='null'}-188.166.54.250:27017] org.mongodb.driver.cluster               : Monitor thread successfully connected to server with description ServerDescription{address=188.166.54.250:27017, type=STANDALONE, state=CONNECTED, ok=true, version=ServerVersion{versionList=[3, 6, 5]}, minWireVersion=0, maxWireVersion=6, maxDocumentSize=16777216, logicalSessionTimeoutMinutes=30, roundTripTimeNanos=65376285}
2018-06-17 13:51:48.158  INFO 91984 --- [cluster-ClusterId{value='5b263d43a8027c6750523961', description='null'}-188.166.54.250:27017] org.mongodb.driver.cluster               : Discovered cluster type of STANDALONE
2018-06-17 13:51:48.350  INFO 91984 --- [restartedMain] s.w.s.m.m.a.RequestMappingHandlerAdapter : Looking for @ControllerAdvice: org.springframework.boot.web.servlet.context.AnnotationConfigServletWebServerApplicationContext@6e70e247: startup date [Sun Jun 17 13:51:45 EET 2018]; root of context hierarchy
2018-06-17 13:51:48.408  INFO 91984 --- [restartedMain] s.w.s.m.m.a.RequestMappingHandlerMapping : Mapped "{[/error]}" onto private java.lang.String edu.akdeniz.softeng.surveyrest.controller.ExceptionHandler.error(javax.servlet.http.HttpServletRequest,javax.servlet.http.HttpServletResponse,javax.servlet.http.HttpSession,org.springframework.ui.Model)
2018-06-17 13:51:48.411  INFO 91984 --- [restartedMain] s.w.s.m.m.a.RequestMappingHandlerMapping : Mapped "{[/survey/{surveyId}/take || /survey/take],methods=[GET]}" onto public java.lang.String edu.akdeniz.softeng.surveyrest.controller.HomeController.apply(org.springframework.ui.Model,java.lang.String)
2018-06-17 13:51:48.412  INFO 91984 --- [restartedMain] s.w.s.m.m.a.RequestMappingHandlerMapping : Mapped "{[/secure/survey/create],methods=[GET]}" onto public java.lang.String edu.akdeniz.softeng.surveyrest.controller.HomeController.create()
2018-06-17 13:51:48.413  INFO 91984 --- [restartedMain] s.w.s.m.m.a.RequestMappingHandlerMapping : Mapped "{[/surveys],methods=[GET]}" onto public java.lang.String edu.akdeniz.softeng.surveyrest.controller.HomeController.surveys(org.springframework.ui.Model)
2018-06-17 13:51:48.413  INFO 91984 --- [restartedMain] s.w.s.m.m.a.RequestMappingHandlerMapping : Mapped "{[/secure/survey/{surveyId}/edit || /secure/survey/edit],methods=[GET]}" onto public java.lang.String edu.akdeniz.softeng.surveyrest.controller.HomeController.edit(org.springframework.ui.Model,java.lang.String)
2018-06-17 13:51:48.413  INFO 91984 --- [restartedMain] s.w.s.m.m.a.RequestMappingHandlerMapping : Mapped "{[/ || /home],methods=[GET]}" onto public java.lang.String edu.akdeniz.softeng.surveyrest.controller.HomeController.homePage()
2018-06-17 13:51:48.414  INFO 91984 --- [restartedMain] s.w.s.m.m.a.RequestMappingHandlerMapping : Mapped "{[/Access_Denied],methods=[GET]}" onto public java.lang.String edu.akdeniz.softeng.surveyrest.controller.LoginController.accessDeniedPage(org.springframework.ui.ModelMap)
2018-06-17 13:51:48.414  INFO 91984 --- [restartedMain] s.w.s.m.m.a.RequestMappingHandlerMapping : Mapped "{[/login],methods=[GET]}" onto public java.lang.String edu.akdeniz.softeng.surveyrest.controller.LoginController.loginPage()
2018-06-17 13:51:48.415  INFO 91984 --- [restartedMain] s.w.s.m.m.a.RequestMappingHandlerMapping : Mapped "{[/logout],methods=[GET]}" onto public java.lang.String edu.akdeniz.softeng.surveyrest.controller.LoginController.logoutPage(javax.servlet.http.HttpServletRequest,javax.servlet.http.HttpServletResponse)
2018-06-17 13:51:48.417  INFO 91984 --- [restartedMain] s.w.s.m.m.a.RequestMappingHandlerMapping : Mapped "{[/secure/survey/create],methods=[POST]}" onto public java.lang.String edu.akdeniz.softeng.surveyrest.controller.ManipulationController.create(edu.akdeniz.softeng.surveyrest.entity.survey.Survey,org.springframework.web.servlet.mvc.support.RedirectAttributes)
2018-06-17 13:51:48.418  INFO 91984 --- [restartedMain] s.w.s.m.m.a.RequestMappingHandlerMapping : Mapped "{[/secure/survey/save],methods=[POST]}" onto public java.lang.String edu.akdeniz.softeng.surveyrest.controller.ManipulationController.save(edu.akdeniz.softeng.surveyrest.entity.survey.Survey,org.springframework.web.servlet.mvc.support.RedirectAttributes)
2018-06-17 13:51:48.419  INFO 91984 --- [restartedMain] s.w.s.m.m.a.RequestMappingHandlerMapping : Mapped "{[/survey/end],methods=[POST]}" onto public java.lang.String edu.akdeniz.softeng.surveyrest.controller.ManipulationController.end(edu.akdeniz.softeng.surveyrest.entity.SurveyResult,java.lang.String,org.springframework.ui.Model)
2018-06-17 13:51:48.419  INFO 91984 --- [restartedMain] s.w.s.m.m.a.RequestMappingHandlerMapping : Mapped "{[/secure/survey/clear],methods=[GET]}" onto public java.util.List<edu.akdeniz.softeng.surveyrest.entity.survey.Survey> edu.akdeniz.softeng.surveyrest.controller.ManipulationController.clearDB()
2018-06-17 13:51:48.419  INFO 91984 --- [restartedMain] s.w.s.m.m.a.RequestMappingHandlerMapping : Mapped "{[/secure/survey/reset],methods=[GET]}" onto public java.util.List<edu.akdeniz.softeng.surveyrest.entity.survey.Survey> edu.akdeniz.softeng.surveyrest.controller.ManipulationController.resetDB()
2018-06-17 13:51:48.420  INFO 91984 --- [restartedMain] s.w.s.m.m.a.RequestMappingHandlerMapping : Mapped "{[/service/resultList],methods=[GET]}" onto public java.util.List<edu.akdeniz.softeng.surveyrest.entity.Result> edu.akdeniz.softeng.surveyrest.service.ResultService.getResultList()
2018-06-17 13:51:48.421  INFO 91984 --- [restartedMain] s.w.s.m.m.a.RequestMappingHandlerMapping : Mapped "{[/service/surveyList],methods=[GET]}" onto public java.util.List<edu.akdeniz.softeng.surveyrest.entity.survey.Survey> edu.akdeniz.softeng.surveyrest.service.SurveyService.getSurveyList()
2018-06-17 13:51:48.451  INFO 91984 --- [restartedMain] o.s.w.s.handler.SimpleUrlHandlerMapping  : Mapped URL path [/webjars/**] onto handler of type [class org.springframework.web.servlet.resource.ResourceHttpRequestHandler]
2018-06-17 13:51:48.451  INFO 91984 --- [restartedMain] o.s.w.s.handler.SimpleUrlHandlerMapping  : Mapped URL path [/**] onto handler of type [class org.springframework.web.servlet.resource.ResourceHttpRequestHandler]
2018-06-17 13:51:48.614  INFO 91984 --- [restartedMain] o.s.l.c.support.AbstractContextSource    : Property 'userDn' not set - anonymous context will be used for read-write operations
2018-06-17 13:51:48.811  INFO 91984 --- [restartedMain] o.s.s.web.DefaultSecurityFilterChain     : Creating filter chain: org.springframework.security.web.util.matcher.AnyRequestMatcher@1, [org.springframework.security.web.context.request.async.WebAsyncManagerIntegrationFilter@1fab9dd4, org.springframework.security.web.context.SecurityContextPersistenceFilter@1b2ea6f8, org.springframework.security.web.header.HeaderWriterFilter@3fcafb2b, org.springframework.security.web.csrf.CsrfFilter@7e25ae1d, org.springframework.security.web.authentication.logout.LogoutFilter@7ee1bfc5, org.springframework.security.web.authentication.UsernamePasswordAuthenticationFilter@1f5f64ac, org.springframework.security.web.savedrequest.RequestCacheAwareFilter@56b99f46, org.springframework.security.web.servletapi.SecurityContextHolderAwareRequestFilter@58776a76, org.springframework.security.web.authentication.AnonymousAuthenticationFilter@2c82beb7, org.springframework.security.web.session.SessionManagementFilter@2d088750, org.springframework.security.web.access.ExceptionTranslationFilter@67a5a1fc, org.springframework.security.web.access.intercept.FilterSecurityInterceptor@7b1d2264]
2018-06-17 13:51:48.828  INFO 91984 --- [restartedMain] .s.s.UserDetailsServiceAutoConfiguration : 

Using generated security password: 9c64a0a1-fd5a-4f3f-9d4e-0b378bcc5a5b

2018-06-17 13:51:48.895  INFO 91984 --- [restartedMain] o.s.b.d.a.OptionalLiveReloadServer       : LiveReload server is running on port 35729
2018-06-17 13:51:48.924  INFO 91984 --- [restartedMain] o.s.j.e.a.AnnotationMBeanExporter        : Registering beans for JMX exposure on startup
2018-06-17 13:51:48.960  INFO 91984 --- [restartedMain] o.s.b.w.embedded.tomcat.TomcatWebServer  : Tomcat started on port(s): 9000 (http) with context path ''
2018-06-17 13:51:48.963  INFO 91984 --- [restartedMain] e.a.softeng.surveyrest.SurveyRestApp     : Started SurveyRestApp in 4.393 seconds (JVM running for 5.683)
2018-06-17 13:51:58.503  INFO 91984 --- [http-nio-9000-exec-2] o.a.c.c.C.[Tomcat].[localhost].[/]       : Initializing Spring FrameworkServlet 'dispatcherServlet'
2018-06-17 13:51:58.503  INFO 91984 --- [http-nio-9000-exec-2] o.s.web.servlet.DispatcherServlet        : FrameworkServlet 'dispatcherServlet': initialization started
2018-06-17 13:51:58.522  INFO 91984 --- [http-nio-9000-exec-2] o.s.web.servlet.DispatcherServlet        : FrameworkServlet 'dispatcherServlet': initialization completed in 19 ms
2018-06-17 13:51:58.882  INFO 91984 --- [http-nio-9000-exec-3] org.mongodb.driver.connection            : Opened connection [connectionId{localValue:2, serverValue:1961}] to 188.166.54.250:27017
2018-06-17 13:51:58.994  INFO 91984 --- [http-nio-9000-exec-3] e.a.s.surveyrest.service.SurveyService   : Surveys listed by [Guest]
2018-06-17 13:52:15.864 ERROR 91984 --- [http-nio-9000-exec-1] e.a.s.s.controller.ExceptionHandler      : Error with Response=[404], Request URI=[/service/clear] and Session id=[8FEBE9A494E1199BADDFF0A3C00A1502]
2018-06-17 13:52:18.778 ERROR 91984 --- [http-nio-9000-exec-4] e.a.s.s.controller.ExceptionHandler      : Error with Response=[404], Request URI=[/service/reset] and Session id=[8FEBE9A494E1199BADDFF0A3C00A1502]
2018-06-17 13:52:21.938 ERROR 91984 --- [http-nio-9000-exec-5] e.a.s.s.controller.ExceptionHandler      : Error with Response=[404], Request URI=[/reset] and Session id=[8FEBE9A494E1199BADDFF0A3C00A1502]
2018-06-17 13:53:33.005  INFO 91984 --- [http-nio-9000-exec-9] s.s.c.CustomAuthenticationSuccessHandler : [admin] Login
2018-06-17 13:53:33.087  INFO 91984 --- [http-nio-9000-exec-2] e.a.s.surveyrest.service.SurveyService   : Surveys listed by [admin]
2018-06-17 13:53:37.329  INFO 91984 --- [http-nio-9000-exec-3] e.a.s.surveyrest.service.SurveyService   : Surveys listed by [admin]
2018-06-17 13:54:02.347  INFO 91984 --- [http-nio-9000-exec-1] e.a.s.s.s.m.SurveyManipulationService    : All surveys deleted by [admin]
2018-06-17 13:54:02.420  INFO 91984 --- [http-nio-9000-exec-1] e.a.s.s.s.m.ResultManipulationService    : All results deleted by [admin]
2018-06-17 13:54:02.421  INFO 91984 --- [http-nio-9000-exec-1] e.a.s.s.util.helper.SurveyHelper         : Survey Database cleared.
2018-06-17 13:54:02.490  WARN 91984 --- [http-nio-9000-exec-1] e.a.s.surveyrest.service.SurveyService   : No Survey Found
2018-06-17 13:54:02.569  INFO 91984 --- [http-nio-9000-exec-1] e.a.s.s.s.m.SurveyManipulationService    : Survey[5b263dcaa8027c6750523962] saved by [admin]
2018-06-17 13:54:02.640  INFO 91984 --- [http-nio-9000-exec-1] e.a.s.s.s.m.SurveyManipulationService    : Survey[5b263dcaa8027c6750523963] saved by [admin]
2018-06-17 13:54:02.641  INFO 91984 --- [http-nio-9000-exec-1] e.a.s.s.util.helper.SurveyHelper         : Survey Database was reset.
2018-06-17 13:54:02.713  INFO 91984 --- [http-nio-9000-exec-1] e.a.s.surveyrest.service.SurveyService   : Surveys listed by [admin]
2018-06-17 13:54:11.554 ERROR 91984 --- [http-nio-9000-exec-4] e.a.s.s.controller.ExceptionHandler      : Error with Response=[404], Request URI=[/secure/survey/] and Session id=[F3DB537D281B0A9E4115DA59A1A0952F]
2018-06-17 13:54:28.942  INFO 91984 --- [http-nio-9000-exec-6] e.a.s.surveyrest.service.SurveyService   : Surveys listed by [admin]
2018-06-17 13:55:17.635  INFO 91984 --- [http-nio-9000-exec-7] e.a.s.surveyrest.service.SurveyService   : Surveys listed by [Guest]
2018-06-17 13:58:14.494  INFO 91984 --- [http-nio-9000-exec-10] e.a.s.s.controller.HomeController        : Survey[5b263dcaa8027c6750523962] is taking by [Guest]
2018-06-17 13:59:14.959  INFO 91984 --- [http-nio-9000-exec-2] e.a.s.s.s.m.ResultManipulationService    : All Results save with uid=[2e76ae9a-9b1f-442c-8897-0c6a7f65ad4d] by [Guest]
2018-06-17 13:59:15.313  INFO 91984 --- [http-nio-9000-exec-2] e.a.s.surveyrest.service.SurveyService   : Answers listed of Survey[5b263dcaa8027c6750523962] to [Guest]
2018-06-17 13:59:42.618  INFO 91984 --- [http-nio-9000-exec-3] e.a.s.surveyrest.service.SurveyService   : Surveys listed by [Guest]
