%clr(2018-06-12 22:30:01.003){yellow} INFO  [restartedMain] surveyrest.SurveyRestApp [] - Starting SurveyRestApp on DESKTOP-16HE7CV with PID 11316 (C:\Users\maemr\Documents\GitHub\survey-web\target\classes started by maemr in C:\Users\maemr\Documents\GitHub\survey-web)
%clr(2018-06-12 22:30:01.009){yellow} INFO  [restartedMain] surveyrest.SurveyRestApp [] - The following profiles are active: alpha
%clr(2018-06-12 22:30:01.057){yellow} INFO  [restartedMain] context.AnnotationConfigServletWebServerApplicationContext [] - Refreshing org.springframework.boot.web.servlet.context.AnnotationConfigServletWebServerApplicationContext@5cb81bd1: startup date [Tue Jun 12 22:30:01 EET 2018]; root of context hierarchy
%clr(2018-06-12 22:30:02.157){yellow} INFO  [restartedMain] tomcat.TomcatWebServer [] - Tomcat initialized with port(s): 9000 (http)
%clr(2018-06-12 22:30:02.178){yellow} INFO  [restartedMain] core.StandardService [] - Starting service [Tomcat]
%clr(2018-06-12 22:30:02.178){yellow} INFO  [restartedMain] core.StandardEngine [] - Starting Servlet Engine: Apache Tomcat/8.5.31
%clr(2018-06-12 22:30:02.182){yellow} INFO  [localhost-startStop-1] core.AprLifecycleListener [] - The APR based Apache Tomcat Native library which allows optimal performance in production environments was not found on the java.library.path: [C:\Program Files\Java\jdk1.8.0_172\bin;C:\WINDOWS\Sun\Java\bin;C:\WINDOWS\system32;C:\WINDOWS;C:\Program Files (x86)\Common Files\Oracle\Java\javapath;C:\Windows\system32;C:\Windows;C:\Windows\System32\Wbem;C:\Windows\System32\WindowsPowerShell\v1.0\;C:\Program Files\PuTTY\;C:\Program Files\Git\cmd;C:\Program Files (x86)\NVIDIA Corporation\PhysX\Common;C:\WINDOWS\system32;C:\WINDOWS;C:\WINDOWS\System32\Wbem;C:\WINDOWS\System32\WindowsPowerShell\v1.0\;C:\WINDOWS\System32\OpenSSH\;D:\Program Files\nodejs\;D:\Program Files\TortoiseSVN\bin;C:\Program Files\dotnet\;C:\Program Files\Microsoft SQL Server\130\Tools\Binn\;C:\Users\maemr\AppData\Local\Programs\Python\Python36-32\Scripts\;C:\Users\maemr\AppData\Local\Programs\Python\Python36-32\;C:\Users\maemr\AppData\Local\Microsoft\WindowsApps;C:\Users\maemr\AppData\Local\GitHubDesktop\bin;C:\Program Files (x86)\Apache\apache-maven-3.5.3\bin;C:\Users\maemr\AppData\Local\Microsoft\WindowsApps;D:\Program Files\MongoDB\Server\3.6\bin;C:\Users\maemr\AppData\Roaming\npm;D:\Python\Scripts;;.]
%clr(2018-06-12 22:30:02.371){yellow} INFO  [localhost-startStop-1] servlet.TldScanner [] - At least one JAR was scanned for TLDs yet contained no TLDs. Enable debug logging for this logger for a complete list of JARs that were scanned but no TLDs were found in them. Skipping unneeded JARs during scanning can improve startup time and JSP compilation time.
%clr(2018-06-12 22:30:02.375){yellow} INFO  [localhost-startStop-1] [localhost].[/] [] - Initializing Spring embedded WebApplicationContext
%clr(2018-06-12 22:30:02.375){yellow} INFO  [localhost-startStop-1] context.ContextLoader [] - Root WebApplicationContext: initialization completed in 1321 ms
%clr(2018-06-12 22:30:02.506){yellow} INFO  [localhost-startStop-1] servlet.FilterRegistrationBean [] - Mapping filter: 'characterEncodingFilter' to: [/*]
%clr(2018-06-12 22:30:02.506){yellow} INFO  [localhost-startStop-1] servlet.FilterRegistrationBean [] - Mapping filter: 'hiddenHttpMethodFilter' to: [/*]
%clr(2018-06-12 22:30:02.506){yellow} INFO  [localhost-startStop-1] servlet.FilterRegistrationBean [] - Mapping filter: 'httpPutFormContentFilter' to: [/*]
%clr(2018-06-12 22:30:02.506){yellow} INFO  [localhost-startStop-1] servlet.FilterRegistrationBean [] - Mapping filter: 'requestContextFilter' to: [/*]
%clr(2018-06-12 22:30:02.507){yellow} INFO  [localhost-startStop-1] servlet.DelegatingFilterProxyRegistrationBean [] - Mapping filter: 'springSecurityFilterChain' to: [/*]
%clr(2018-06-12 22:30:02.507){yellow} INFO  [localhost-startStop-1] servlet.ServletRegistrationBean [] - Servlet dispatcherServlet mapped to [/]
%clr(2018-06-12 22:30:03.182){yellow} INFO  [restartedMain] driver.cluster [] - Cluster created with settings {hosts=[188.166.54.250:27017], mode=MULTIPLE, requiredClusterType=UNKNOWN, serverSelectionTimeout='30000 ms', maxWaitQueueSize=500}
%clr(2018-06-12 22:30:03.182){yellow} INFO  [restartedMain] driver.cluster [] - Adding discovered server 188.166.54.250:27017 to client view of cluster
%clr(2018-06-12 22:30:03.497){yellow} INFO  [restartedMain] handler.SimpleUrlHandlerMapping [] - Mapped URL path [/**/favicon.ico] onto handler of type [class org.springframework.web.servlet.resource.ResourceHttpRequestHandler]
%clr(2018-06-12 22:30:03.511){yellow} INFO  [cluster-ClusterId{value='5b201f3ba8027c2c34827264', description='null'}-188.166.54.250:27017] driver.connection [] - Opened connection [connectionId{localValue:1, serverValue:1776}] to 188.166.54.250:27017
%clr(2018-06-12 22:30:03.664){yellow} INFO  [restartedMain] annotation.RequestMappingHandlerAdapter [] - Looking for @ControllerAdvice: org.springframework.boot.web.servlet.context.AnnotationConfigServletWebServerApplicationContext@5cb81bd1: startup date [Tue Jun 12 22:30:01 EET 2018]; root of context hierarchy
%clr(2018-06-12 22:30:03.713){yellow} INFO  [restartedMain] annotation.RequestMappingHandlerMapping [] - Mapped "{[/error]}" onto private java.lang.String edu.akdeniz.softeng.surveyrest.controller.ExceptionHandler.error(javax.servlet.http.HttpServletRequest,javax.servlet.http.HttpServletResponse,javax.servlet.http.HttpSession,org.springframework.ui.Model)
%clr(2018-06-12 22:30:03.716){yellow} INFO  [restartedMain] annotation.RequestMappingHandlerMapping [] - Mapped "{[/survey/{surveyId}/take || /survey/take],methods=[GET]}" onto public java.lang.String edu.akdeniz.softeng.surveyrest.controller.HomeController.apply(org.springframework.ui.Model,java.lang.String)
%clr(2018-06-12 22:30:03.717){yellow} INFO  [restartedMain] annotation.RequestMappingHandlerMapping [] - Mapped "{[/secure/survey/create],methods=[GET]}" onto public java.lang.String edu.akdeniz.softeng.surveyrest.controller.HomeController.create()
%clr(2018-06-12 22:30:03.717){yellow} INFO  [restartedMain] annotation.RequestMappingHandlerMapping [] - Mapped "{[/ || /home],methods=[GET]}" onto public java.lang.String edu.akdeniz.softeng.surveyrest.controller.HomeController.homePage()
%clr(2018-06-12 22:30:03.717){yellow} INFO  [restartedMain] annotation.RequestMappingHandlerMapping [] - Mapped "{[/surveys],methods=[GET]}" onto public java.lang.String edu.akdeniz.softeng.surveyrest.controller.HomeController.surveys(org.springframework.ui.Model)
%clr(2018-06-12 22:30:03.717){yellow} INFO  [restartedMain] annotation.RequestMappingHandlerMapping [] - Mapped "{[/secure/survey/{surveyId}/edit || /secure/survey/edit],methods=[GET]}" onto public java.lang.String edu.akdeniz.softeng.surveyrest.controller.HomeController.edit(org.springframework.ui.Model,java.lang.String)
%clr(2018-06-12 22:30:03.718){yellow} INFO  [restartedMain] annotation.RequestMappingHandlerMapping [] - Mapped "{[/logout],methods=[GET]}" onto public java.lang.String edu.akdeniz.softeng.surveyrest.controller.LoginController.logoutPage(javax.servlet.http.HttpServletRequest,javax.servlet.http.HttpServletResponse)
%clr(2018-06-12 22:30:03.718){yellow} INFO  [restartedMain] annotation.RequestMappingHandlerMapping [] - Mapped "{[/login],methods=[GET]}" onto public java.lang.String edu.akdeniz.softeng.surveyrest.controller.LoginController.loginPage()
%clr(2018-06-12 22:30:03.718){yellow} INFO  [restartedMain] annotation.RequestMappingHandlerMapping [] - Mapped "{[/Access_Denied],methods=[GET]}" onto public java.lang.String edu.akdeniz.softeng.surveyrest.controller.LoginController.accessDeniedPage(org.springframework.ui.ModelMap)
%clr(2018-06-12 22:30:03.720){yellow} INFO  [restartedMain] annotation.RequestMappingHandlerMapping [] - Mapped "{[/secure/survey/create],methods=[POST]}" onto public java.lang.String edu.akdeniz.softeng.surveyrest.controller.ManipulationController.create(edu.akdeniz.softeng.surveyrest.entity.survey.Survey,org.springframework.web.servlet.mvc.support.RedirectAttributes)
%clr(2018-06-12 22:30:03.720){yellow} INFO  [restartedMain] annotation.RequestMappingHandlerMapping [] - Mapped "{[/secure/survey/save],methods=[POST]}" onto public java.lang.String edu.akdeniz.softeng.surveyrest.controller.ManipulationController.save(edu.akdeniz.softeng.surveyrest.entity.survey.Survey,org.springframework.web.servlet.mvc.support.RedirectAttributes)
%clr(2018-06-12 22:30:03.721){yellow} INFO  [restartedMain] annotation.RequestMappingHandlerMapping [] - Mapped "{[/survey/end],methods=[POST]}" onto public java.lang.String edu.akdeniz.softeng.surveyrest.controller.ManipulationController.end(edu.akdeniz.softeng.surveyrest.entity.SurveyResult,java.lang.String,org.springframework.ui.Model)
%clr(2018-06-12 22:30:03.721){yellow} INFO  [restartedMain] annotation.RequestMappingHandlerMapping [] - Mapped "{[/survey/reset],methods=[GET]}" onto public java.util.List<edu.akdeniz.softeng.surveyrest.entity.survey.Survey> edu.akdeniz.softeng.surveyrest.controller.ManipulationController.resetDB()
%clr(2018-06-12 22:30:03.721){yellow} INFO  [restartedMain] annotation.RequestMappingHandlerMapping [] - Mapped "{[/survey/clear],methods=[GET]}" onto public java.util.List<edu.akdeniz.softeng.surveyrest.entity.survey.Survey> edu.akdeniz.softeng.surveyrest.controller.ManipulationController.clearDB()
%clr(2018-06-12 22:30:03.722){yellow} INFO  [restartedMain] annotation.RequestMappingHandlerMapping [] - Mapped "{[/service/resultList],methods=[GET]}" onto public java.util.List<edu.akdeniz.softeng.surveyrest.entity.Result> edu.akdeniz.softeng.surveyrest.service.ResultService.getResultList()
%clr(2018-06-12 22:30:03.723){yellow} INFO  [restartedMain] annotation.RequestMappingHandlerMapping [] - Mapped "{[/service/surveyList],methods=[GET]}" onto public java.util.List<edu.akdeniz.softeng.surveyrest.entity.survey.Survey> edu.akdeniz.softeng.surveyrest.service.SurveyService.getSurveyList()
%clr(2018-06-12 22:30:03.741){yellow} INFO  [restartedMain] handler.SimpleUrlHandlerMapping [] - Mapped URL path [/webjars/**] onto handler of type [class org.springframework.web.servlet.resource.ResourceHttpRequestHandler]
%clr(2018-06-12 22:30:03.741){yellow} INFO  [restartedMain] handler.SimpleUrlHandlerMapping [] - Mapped URL path [/**] onto handler of type [class org.springframework.web.servlet.resource.ResourceHttpRequestHandler]
%clr(2018-06-12 22:30:03.837){yellow} INFO  [restartedMain] support.AbstractContextSource [] - Property 'userDn' not set - anonymous context will be used for read-write operations
%clr(2018-06-12 22:30:03.882){yellow} INFO  [cluster-ClusterId{value='5b201f3ba8027c2c34827264', description='null'}-188.166.54.250:27017] driver.cluster [] - Monitor thread successfully connected to server with description ServerDescription{address=188.166.54.250:27017, type=STANDALONE, state=CONNECTED, ok=true, version=ServerVersion{versionList=[3, 6, 5]}, minWireVersion=0, maxWireVersion=6, maxDocumentSize=16777216, logicalSessionTimeoutMinutes=30, roundTripTimeNanos=369920177}
%clr(2018-06-12 22:30:03.883){yellow} INFO  [cluster-ClusterId{value='5b201f3ba8027c2c34827264', description='null'}-188.166.54.250:27017] driver.cluster [] - Discovered cluster type of STANDALONE
%clr(2018-06-12 22:30:04.018){yellow} INFO  [restartedMain] web.DefaultSecurityFilterChain [] - Creating filter chain: org.springframework.security.web.util.matcher.AnyRequestMatcher@1, [org.springframework.security.web.context.request.async.WebAsyncManagerIntegrationFilter@6448816e, org.springframework.security.web.context.SecurityContextPersistenceFilter@7384ce4c, org.springframework.security.web.header.HeaderWriterFilter@4d998a1b, org.springframework.security.web.csrf.CsrfFilter@71b4da99, org.springframework.security.web.authentication.logout.LogoutFilter@5e4cbcd4, org.springframework.security.web.authentication.UsernamePasswordAuthenticationFilter@1c4924c4, org.springframework.security.web.savedrequest.RequestCacheAwareFilter@572ead43, org.springframework.security.web.servletapi.SecurityContextHolderAwareRequestFilter@4489d034, org.springframework.security.web.authentication.AnonymousAuthenticationFilter@cc22562, org.springframework.security.web.session.SessionManagementFilter@56f9e9fb, org.springframework.security.web.access.ExceptionTranslationFilter@5d7f6026, org.springframework.security.web.access.intercept.FilterSecurityInterceptor@23022532]
%clr(2018-06-12 22:30:04.036){yellow} INFO  [restartedMain] servlet.UserDetailsServiceAutoConfiguration [] - 

Using generated security password: 64f2e9e0-193c-43a6-8ac3-98b47a9e3997

%clr(2018-06-12 22:30:04.088){yellow} INFO  [restartedMain] autoconfigure.OptionalLiveReloadServer [] - LiveReload server is running on port 35729
%clr(2018-06-12 22:30:04.123){yellow} INFO  [restartedMain] annotation.AnnotationMBeanExporter [] - Registering beans for JMX exposure on startup
%clr(2018-06-12 22:30:04.162){yellow} INFO  [restartedMain] tomcat.TomcatWebServer [] - Tomcat started on port(s): 9000 (http) with context path ''
%clr(2018-06-12 22:30:04.166){yellow} INFO  [restartedMain] surveyrest.SurveyRestApp [] - Started SurveyRestApp in 3.62 seconds (JVM running for 4.422)
%clr(2018-06-12 22:51:56.603){yellow} INFO  [cluster-ClusterId{value='5b201f3ba8027c2c34827264', description='null'}-188.166.54.250:27017] driver.connection [] - Opened connection [connectionId{localValue:2, serverValue:1777}] to 188.166.54.250:27017
